{"users": [
{
  "localId": "HnTM9DdjkZVmaqElV3uU0pgdbVu1",
  "email": "fake2@gmail.com",
  "emailVerified": false,
  "passwordHash": "KNWbBPSg4GyuSltMoyUsizNM/WIrMhRh1/4mtr1l5b8OZCHC5Wd71wLJq9Gb7YaUJOjpZZlEGJMrWQVdE2n1+A==",
  "salt": "6AjSHn/q3Xe/KA==",
  "lastSignedInAt": "1712172892836",
  "createdAt": "1712172892836",
  "providerUserInfo": []
},
{
  "localId": "YHEqPQalXKgketyMlbymQRs7ATH2",
  "email": "fake@email.com",
  "emailVerified": false,
  "passwordHash": "aJ8b5sm0fe2kaiuF1LpWVmQ/gOwPZvpXXnimq843edkKAAXFAi7q/GcZ8ypGQTP+Dnw2WgN92qhudHO23CJzjA==",
  "salt": "EedN1w6ubCzb3g==",
  "lastSignedInAt": "1712181168971",
  "createdAt": "1712118291877",
  "providerUserInfo": []
}]}